2023-01-17 17:16:27,419 - 30JulyEcommerce -INFO - Open URL
2023-01-17 17:16:28,037 - 30JulyEcommerce -INFO - Enter user mailL
2023-01-17 17:16:31,341 - 30JulyEcommerce -INFO - Enter User password
2023-01-17 17:16:34,729 - 30JulyEcommerce -INFO - Clicked on longin button
2023-01-17 17:16:37,798 - 30JulyEcommerce -INFO - Login successfully
2023-01-17 17:18:45,270 - 30JulyEcommerce -INFO - Open URL
2023-01-17 17:18:45,425 - 30JulyEcommerce -INFO - Enter user mailL
2023-01-17 17:18:48,689 - 30JulyEcommerce -INFO - Enter User password
2023-01-17 17:18:51,803 - 30JulyEcommerce -INFO - Clicked on longin button
2023-01-17 17:18:54,824 - 30JulyEcommerce -INFO - Login successfully
2023-01-17 17:19:48,857 - 30JulyEcommerce -INFO - Open URL
2023-01-17 17:19:49,036 - 30JulyEcommerce -INFO - Enter user mailL
2023-01-17 17:19:52,340 - 30JulyEcommerce -INFO - Enter User password
2023-01-17 17:19:55,915 - 30JulyEcommerce -INFO - Clicked on longin button
2023-01-17 17:19:58,946 - 30JulyEcommerce -INFO - Login successfully
2023-01-17 22:31:48,889 - 30JulyEcommerce -INFO - Open URL
2023-01-17 22:31:49,598 - 30JulyEcommerce -INFO - Enter user mailL
2023-01-17 22:31:52,814 - 30JulyEcommerce -INFO - Enter User password
2023-01-17 22:31:57,588 - 30JulyEcommerce -INFO - Clicked on longin button
2023-01-17 22:34:33,650 - ecommerce -INFO - Open URL
2023-01-17 22:34:33,923 - ecommerce -INFO - Enter user mailL
2023-01-17 22:34:37,123 - ecommerce -INFO - Enter User password
2023-01-17 22:34:41,528 - ecommerce -INFO - Clicked on longin button
2023-01-17 22:35:19,850 - ecommerce -INFO - Open URL
2023-01-17 22:35:20,220 - ecommerce -INFO - Enter user mailL
2023-01-17 22:35:23,562 - ecommerce -INFO - Enter User password
2023-01-17 22:35:27,462 - ecommerce -INFO - Clicked on longin button
2023-01-17 22:35:30,496 - ecommerce -INFO - Login successfully
2023-01-20 12:28:15,226 - ecommerce -INFO - Open URL
2023-01-20 12:28:16,648 - ecommerce -INFO - Enter user mailL
2023-01-20 12:28:19,882 - ecommerce -INFO - Enter User password
2023-01-20 12:28:29,945 - ecommerce -INFO - Clicked on longin button
2023-01-20 12:28:33,044 - ecommerce -INFO - Login successfully
2023-01-20 12:33:06,613 - ecommerce -INFO - Open URL
2023-01-20 12:33:06,939 - ecommerce -INFO - Enter user mailL
2023-01-20 12:33:10,311 - ecommerce -INFO - Enter User password
2023-01-20 12:33:14,409 - ecommerce -INFO - Clicked on longin button
2023-01-20 12:33:17,473 - ecommerce -INFO - Login successfully
2023-01-20 12:41:16,944 - ecommerce -INFO - Open URL
2023-01-20 12:41:18,725 - ecommerce -INFO - Enter user mailL
2023-01-20 12:41:22,299 - ecommerce -INFO - Enter User password
2023-01-20 12:41:28,769 - ecommerce -INFO - Clicked on longin button
2023-01-20 12:41:31,912 - ecommerce -INFO - Login successfully
2023-01-20 12:46:44,052 - ecommerce -INFO - Open URL
2023-01-20 12:46:45,349 - ecommerce -INFO - Enter user mailL
2023-01-20 12:46:49,054 - ecommerce -INFO - Enter User password
2023-01-20 12:51:21,176 - ecommerce -INFO - Open URL
2023-01-20 12:51:24,909 - ecommerce -INFO - Enter user mailL
2023-01-20 12:51:28,718 - ecommerce -INFO - Enter User password
2023-01-20 12:51:48,554 - ecommerce -INFO - Clicked on longin button
2023-01-20 12:51:51,805 - ecommerce -INFO - Login successfully
2023-01-20 13:06:26,220 - ecommerce -INFO - Open URL
2023-01-20 13:06:29,464 - ecommerce -INFO - Enter user mailL
2023-01-20 13:06:34,364 - ecommerce -INFO - Enter User password
2023-01-20 13:06:46,543 - ecommerce -INFO - Clicked on longin button
2023-01-20 17:41:28,217 - ecommerce -INFO - Open URL
2023-01-20 17:41:29,170 - ecommerce -INFO - Enter user mailL
2023-01-20 17:41:32,554 - ecommerce -INFO - Enter User password
2023-01-20 17:41:37,289 - ecommerce -INFO - Clicked on longin button
2023-01-20 17:45:27,485 - ecommerce -INFO - Open URL
2023-01-20 17:45:28,340 - ecommerce -INFO - Enter user mailL
2023-01-20 17:45:31,698 - ecommerce -INFO - Enter User password
2023-01-20 17:45:36,379 - ecommerce -INFO - Clicked on longin button
2023-01-20 17:45:39,436 - ecommerce -INFO - Login successfully
2023-01-21 23:20:09,975 - ecommerce -INFO - Open URL
2023-01-21 23:20:11,249 - ecommerce -INFO - Enter user mailL
2023-01-21 23:20:14,528 - ecommerce -INFO - Enter User password
2023-01-21 23:20:19,155 - ecommerce -INFO - Clicked on longin button
2023-01-21 23:20:22,257 - ecommerce -INFO - Login successfully
2023-01-21 23:20:38,161 - ecommerce -INFO - user created sucessfully
2023-01-21 23:28:57,378 - ecommerce -INFO - Open URL
2023-01-21 23:28:58,083 - ecommerce -INFO - Enter user mailL
2023-01-21 23:29:01,311 - ecommerce -INFO - Enter User password
2023-01-21 23:29:05,126 - ecommerce -INFO - Clicked on longin button
2023-01-21 23:29:08,215 - ecommerce -INFO - Login successfully
2023-01-21 23:31:15,364 - ecommerce -INFO - Open URL
2023-01-21 23:31:15,540 - ecommerce -INFO - Enter user mailL
2023-01-21 23:31:18,695 - ecommerce -INFO - Enter User password
2023-01-21 23:31:23,023 - ecommerce -INFO - Clicked on longin button
2023-01-21 23:31:26,064 - ecommerce -INFO - Login successfully
2023-01-21 23:31:30,663 - ecommerce -INFO - open URL
2023-01-21 23:31:30,834 - ecommerce -INFO - Enter user name
2023-01-21 23:31:33,047 - ecommerce -INFO - Enter password
2023-01-21 23:31:36,336 - ecommerce -INFO - Click on lign button
2023-01-21 23:31:38,603 - ecommerce -INFO - mouseover on element
2023-01-21 23:34:27,688 - ecommerce -INFO - Open URL
2023-01-21 23:34:27,862 - ecommerce -INFO - Enter user mailL
2023-01-21 23:34:31,100 - ecommerce -INFO - Enter User password
2023-01-21 23:34:35,316 - ecommerce -INFO - Clicked on longin button
2023-01-21 23:34:38,340 - ecommerce -INFO - Login successfully
2023-01-21 23:34:42,212 - ecommerce -INFO - open URL
2023-01-21 23:34:42,371 - ecommerce -INFO - Enter user name
2023-01-21 23:34:44,600 - ecommerce -INFO - Enter password
2023-01-21 23:34:47,238 - ecommerce -INFO - Click on lign button
2023-01-21 23:34:49,604 - ecommerce -INFO - mouseover on element
2023-01-22 13:41:41,293 - ecommerce -INFO - Open URL
2023-01-22 13:41:41,935 - ecommerce -INFO - Enter user mailL
2023-01-22 13:41:45,212 - ecommerce -INFO - Enter User password
2023-01-22 13:41:49,037 - ecommerce -INFO - Clicked on longin button
2023-01-22 13:41:52,155 - ecommerce -INFO - Login successfully
2023-01-22 13:52:10,932 - ecommerce -INFO - Open URL
2023-01-22 13:52:12,008 - ecommerce -INFO - Enter user mailL
2023-01-22 13:52:15,242 - ecommerce -INFO - Enter User password
2023-01-22 13:52:19,951 - ecommerce -INFO - Clicked on longin button
2023-01-22 13:52:23,027 - ecommerce -INFO - Login successfully
2023-01-22 13:53:06,206 - ecommerce -INFO - Open URL
2023-01-22 13:53:06,465 - ecommerce -INFO - Enter user mailL
2023-01-22 13:53:09,595 - ecommerce -INFO - Enter User password
2023-01-22 13:53:13,265 - ecommerce -INFO - Clicked on longin button
2023-01-22 13:53:16,297 - ecommerce -INFO - Login successfully
2023-01-22 16:22:52,626 - ecommerce -INFO - use clicked on books
2023-01-22 16:22:53,415 - ecommerce -INFO - use clicked on electronics
2023-01-22 16:22:54,093 - ecommerce -INFO - use clicked on Cameraandphoto
2023-01-22 16:30:53,852 - ecommerce -INFO - use clicked on books
2023-01-22 16:30:54,439 - ecommerce -INFO - use clicked on electronics
2023-01-22 16:35:27,048 - ecommerce -INFO - use clicked on books
2023-01-22 16:35:27,639 - ecommerce -INFO - use clicked on electronics
2023-01-22 16:37:50,908 - ecommerce -INFO - use clicked on books
2023-01-22 16:37:51,634 - ecommerce -INFO - use clicked on electronics
2023-01-22 16:39:04,655 - ecommerce -INFO - use clicked on books
2023-01-22 16:39:05,244 - ecommerce -INFO - use clicked on electronics
2023-01-22 16:42:12,319 - ecommerce -INFO - use clicked on books
2023-01-22 16:42:12,926 - ecommerce -INFO - use clicked on electronics
2023-01-22 16:44:26,643 - ecommerce -INFO - use clicked on books
2023-01-22 16:44:27,334 - ecommerce -INFO - use clicked on electronics
2023-01-22 16:44:30,876 - ecommerce -INFO - use clicked on Cameraandphoto
2023-01-22 16:46:56,600 - ecommerce -INFO - use clicked on books
2023-01-22 16:46:57,238 - ecommerce -INFO - use clicked on electronics
2023-01-22 16:47:00,902 - ecommerce -INFO - use clicked on Cameraandphoto
2023-01-22 16:47:31,948 - ecommerce -INFO - use clicked on NikonDSLR
2023-01-22 16:47:32,186 - ecommerce -INFO - use clicked on addtowishlist icon
2023-01-22 16:47:33,721 - ecommerce -INFO - The product has been added to your wishlist
2023-01-22 16:50:48,994 - ecommerce -INFO - use clicked on books
2023-01-22 16:50:49,618 - ecommerce -INFO - use clicked on electronics
2023-01-22 16:50:53,334 - ecommerce -INFO - use clicked on Cameraandphoto
2023-01-22 16:54:12,741 - ecommerce -INFO - use clicked on books
2023-01-22 16:54:13,378 - ecommerce -INFO - use clicked on electronics
2023-01-22 16:54:17,062 - ecommerce -INFO - use clicked on Cameraandphoto
2023-01-22 16:58:20,326 - ecommerce -INFO - use clicked on books
2023-01-22 16:58:21,184 - ecommerce -INFO - use clicked on electronics
2023-01-22 16:58:24,881 - ecommerce -INFO - use clicked on Cameraandphoto
2023-01-22 16:59:20,618 - ecommerce -INFO - use clicked on books
2023-01-22 16:59:21,495 - ecommerce -INFO - use clicked on electronics
2023-01-22 16:59:25,337 - ecommerce -INFO - use clicked on Cameraandphoto
2023-01-22 17:01:00,281 - ecommerce -INFO - use clicked on books
2023-01-22 17:01:00,971 - ecommerce -INFO - use clicked on electronics
2023-01-22 17:01:04,742 - ecommerce -INFO - use clicked on Cameraandphoto
2023-01-22 17:21:10,205 - ecommerce -INFO - use clicked on books
2023-01-22 17:21:11,040 - ecommerce -INFO - use clicked on electronics
2023-01-22 17:21:15,128 - ecommerce -INFO - use clicked on Cameraandphoto
2023-01-22 17:21:41,850 - ecommerce -INFO - use clicked on books
2023-01-22 17:21:42,585 - ecommerce -INFO - use clicked on electronics
2023-01-22 17:21:46,300 - ecommerce -INFO - use clicked on Cameraandphoto
2023-01-22 17:25:10,608 - ecommerce -INFO - use clicked on books
2023-01-22 17:25:11,300 - ecommerce -INFO - use clicked on electronics
2023-01-22 17:25:14,989 - ecommerce -INFO - use clicked on Cameraandphoto
2023-01-22 17:28:53,000 - ecommerce -INFO - use clicked on books
2023-01-22 17:28:53,550 - ecommerce -INFO - use clicked on electronics
2023-01-22 17:28:57,112 - ecommerce -INFO - use clicked on Cameraandphoto
2023-01-22 17:29:00,336 - ecommerce -INFO - use clicked on NikonDSLR
2023-01-22 17:29:02,366 - ecommerce -INFO - use clicked on addtowishlist icon
2023-01-22 17:29:02,814 - ecommerce -INFO - The product has been added to your wishlist
2023-01-22 18:04:38,092 - ecommerce -INFO - open URL
2023-01-22 18:04:38,480 - ecommerce -INFO - Enter user name
2023-01-22 18:04:40,664 - ecommerce -INFO - Enter password
2023-01-22 18:04:43,384 - ecommerce -INFO - Click on lign button
2023-01-22 18:04:45,773 - ecommerce -INFO - mouseover on element
2023-01-22 18:13:31,552 - ecommerce -INFO - open URL
2023-01-22 18:13:31,751 - ecommerce -INFO - Enter user name
2023-01-22 18:13:33,953 - ecommerce -INFO - Enter password
2023-01-22 18:13:38,184 - ecommerce -INFO - Click on lign button
2023-01-22 18:13:40,373 - ecommerce -INFO - mouseover on element
2023-01-22 18:13:41,965 - ecommerce -INFO - click on notebook text
2023-01-22 18:16:40,152 - ecommerce -INFO - open URL
2023-01-22 18:16:40,364 - ecommerce -INFO - Enter user name
2023-01-22 18:16:42,503 - ecommerce -INFO - Enter password
2023-01-22 18:16:45,951 - ecommerce -INFO - Click on lign button
2023-01-22 18:16:48,141 - ecommerce -INFO - mouseover on element
2023-01-22 18:16:49,790 - ecommerce -INFO - click on notebook text
2023-01-22 18:20:23,448 - ecommerce -INFO - use clicked on books
2023-01-22 18:20:23,981 - ecommerce -INFO - use clicked on electronics
2023-01-22 18:20:27,564 - ecommerce -INFO - use clicked on Cameraandphoto
2023-01-22 18:20:30,708 - ecommerce -INFO - use clicked on NikonDSLR
2023-01-22 18:20:33,206 - ecommerce -INFO - use clicked on addtowishlist icon
2023-01-22 18:20:33,736 - ecommerce -INFO - The product has been added to your wishlist
2023-01-22 19:32:48,029 - ecommerce -INFO - click on ecommerce logo
2023-01-22 19:32:48,434 - ecommerce -INFO - verfied vote button
2023-01-22 19:35:40,310 - ecommerce -INFO - click on ecommerce logo
2023-01-22 19:35:40,446 - ecommerce -INFO - verfied vote button
2023-01-22 19:42:44,768 - ecommerce -INFO - click on ecommerce logo
2023-01-22 19:42:44,829 - ecommerce -INFO - verfied vote button
2023-01-22 19:47:20,087 - ecommerce -INFO - click on ecommerce logo
2023-01-22 19:47:20,173 - ecommerce -INFO - verfied vote button
2023-01-22 19:48:15,961 - ecommerce -INFO - click on ecommerce logo
2023-01-22 20:14:05,282 - ecommerce -INFO - click on ecommerce logo
2023-01-22 20:14:05,682 - ecommerce -INFO - verfied vote button
2023-01-22 20:14:05,980 - ecommerce -INFO - button is present
2023-01-22 20:15:15,579 - ecommerce -INFO - click on ecommerce logo
2023-01-22 20:15:15,626 - ecommerce -INFO - verfied vote button
2023-01-22 22:50:40,353 - ecommerce -INFO - click on ecommerce logo
2023-01-22 22:50:41,033 - ecommerce -INFO - verfied vote button
2023-01-22 22:50:41,267 - ecommerce -INFO - button is present
2023-01-22 23:07:41,321 - ecommerce -INFO - click on logo
2023-01-22 23:07:41,850 - ecommerce -INFO - check featured product
2023-01-22 23:10:03,900 - ecommerce -INFO - click on logo
2023-01-22 23:10:04,073 - ecommerce -INFO - check featured product
2023-01-22 23:11:30,704 - ecommerce -INFO - click on logo
2023-01-22 23:11:30,826 - ecommerce -INFO - check featured product
2023-01-22 23:11:30,939 - ecommerce -INFO - Test passed
2023-01-22 23:29:04,117 - ecommerce -INFO - click on logo
2023-01-22 23:29:04,566 - ecommerce -INFO - click on checkbox of good
2023-01-22 23:29:04,652 - ecommerce -INFO - click on vote button
2023-01-22 23:29:05,278 - ecommerce -INFO - vote not done
2023-01-22 23:29:34,183 - ecommerce -INFO - click on logo
2023-01-22 23:29:34,367 - ecommerce -INFO - click on checkbox of good
2023-01-22 23:29:34,450 - ecommerce -INFO - click on vote button
2023-01-22 23:29:34,804 - ecommerce -INFO - vote not done
2023-01-22 23:45:57,653 - ecommerce -INFO - click on logo
2023-01-22 23:45:57,764 - ecommerce -INFO - click on checkbox of good
2023-01-22 23:45:57,931 - ecommerce -INFO - click on vote button
2023-01-22 23:47:16,222 - ecommerce -INFO - click on logo
2023-01-22 23:47:16,372 - ecommerce -INFO - click on checkbox of good
2023-01-22 23:47:16,460 - ecommerce -INFO - click on vote button
2023-01-22 23:47:16,840 - ecommerce -INFO - vote not done
2023-01-22 23:47:39,411 - ecommerce -INFO - use clicked on books
2023-01-22 23:47:40,041 - ecommerce -INFO - use clicked on electronics
2023-01-22 23:47:43,701 - ecommerce -INFO - use clicked on Cameraandphoto
2023-01-22 23:47:46,804 - ecommerce -INFO - use clicked on NikonDSLR
2023-01-22 23:47:48,855 - ecommerce -INFO - use clicked on addtowishlist icon
2023-01-22 23:47:49,355 - ecommerce -INFO - The product has been added to your wishlist
2023-01-22 23:47:54,922 - ecommerce -INFO - click on ecommerce logo
2023-01-22 23:47:55,087 - ecommerce -INFO - verfied vote button
2023-01-22 23:47:55,182 - ecommerce -INFO - button is present
2023-01-22 23:48:00,275 - ecommerce -INFO - click on logo
2023-01-22 23:48:00,360 - ecommerce -INFO - check featured product
2023-01-22 23:48:00,401 - ecommerce -INFO - Test passed
2023-01-22 23:48:05,872 - ecommerce -INFO - click on logo
2023-01-22 23:48:05,958 - ecommerce -INFO - click on checkbox of good
2023-01-22 23:48:06,127 - ecommerce -INFO - click on vote button
2023-01-22 23:48:06,497 - ecommerce -INFO - vote not done
2023-01-23 00:19:00,843 - ecommerce -INFO - click on logo
2023-01-23 00:19:01,298 - ecommerce -INFO - click on checkbox of good
2023-01-23 00:19:01,400 - ecommerce -INFO - click on vote button
2023-01-23 00:19:02,595 - ecommerce -INFO - vote not done
2023-01-23 00:19:44,073 - ecommerce -INFO - click on ecommerce logo
2023-01-23 00:19:44,171 - ecommerce -INFO - verfied vote button
2023-01-23 00:19:44,234 - ecommerce -INFO - button is present
