2023-01-17 17:16:27,419 [main] INFO 30JulyEcommerce - Open URL
2023-01-17 17:16:28,037 [main] INFO 30JulyEcommerce - Enter user mailL
2023-01-17 17:16:31,341 [main] INFO 30JulyEcommerce - Enter User password
2023-01-17 17:16:34,729 [main] INFO 30JulyEcommerce - Clicked on longin button
2023-01-17 17:16:37,798 [main] INFO 30JulyEcommerce - Login successfully
2023-01-17 17:18:45,270 [main] INFO 30JulyEcommerce - Open URL
2023-01-17 17:18:45,425 [main] INFO 30JulyEcommerce - Enter user mailL
2023-01-17 17:18:48,689 [main] INFO 30JulyEcommerce - Enter User password
2023-01-17 17:18:51,803 [main] INFO 30JulyEcommerce - Clicked on longin button
2023-01-17 17:18:54,824 [main] INFO 30JulyEcommerce - Login successfully
2023-01-17 17:19:48,857 [main] INFO 30JulyEcommerce - Open URL
2023-01-17 17:19:49,036 [main] INFO 30JulyEcommerce - Enter user mailL
2023-01-17 17:19:52,340 [main] INFO 30JulyEcommerce - Enter User password
2023-01-17 17:19:55,915 [main] INFO 30JulyEcommerce - Clicked on longin button
2023-01-17 17:19:58,946 [main] INFO 30JulyEcommerce - Login successfully
2023-01-17 22:31:48,889 [main] INFO 30JulyEcommerce - Open URL
2023-01-17 22:31:49,598 [main] INFO 30JulyEcommerce - Enter user mailL
2023-01-17 22:31:52,814 [main] INFO 30JulyEcommerce - Enter User password
2023-01-17 22:31:57,588 [main] INFO 30JulyEcommerce - Clicked on longin button
2023-01-17 22:34:33,650 [main] INFO ecommerce - Open URL
2023-01-17 22:34:33,923 [main] INFO ecommerce - Enter user mailL
2023-01-17 22:34:37,123 [main] INFO ecommerce - Enter User password
2023-01-17 22:34:41,528 [main] INFO ecommerce - Clicked on longin button
2023-01-17 22:35:19,850 [main] INFO ecommerce - Open URL
2023-01-17 22:35:20,220 [main] INFO ecommerce - Enter user mailL
2023-01-17 22:35:23,562 [main] INFO ecommerce - Enter User password
2023-01-17 22:35:27,462 [main] INFO ecommerce - Clicked on longin button
2023-01-17 22:35:30,496 [main] INFO ecommerce - Login successfully
2023-01-20 12:28:15,226 [main] INFO ecommerce - Open URL
2023-01-20 12:28:16,648 [main] INFO ecommerce - Enter user mailL
2023-01-20 12:28:19,882 [main] INFO ecommerce - Enter User password
2023-01-20 12:28:29,945 [main] INFO ecommerce - Clicked on longin button
2023-01-20 12:28:33,044 [main] INFO ecommerce - Login successfully
2023-01-20 12:33:06,613 [main] INFO ecommerce - Open URL
2023-01-20 12:33:06,939 [main] INFO ecommerce - Enter user mailL
2023-01-20 12:33:10,311 [main] INFO ecommerce - Enter User password
2023-01-20 12:33:14,409 [main] INFO ecommerce - Clicked on longin button
2023-01-20 12:33:17,473 [main] INFO ecommerce - Login successfully
2023-01-20 12:41:16,944 [main] INFO ecommerce - Open URL
2023-01-20 12:41:18,725 [main] INFO ecommerce - Enter user mailL
2023-01-20 12:41:22,299 [main] INFO ecommerce - Enter User password
2023-01-20 12:41:28,769 [main] INFO ecommerce - Clicked on longin button
2023-01-20 12:41:31,912 [main] INFO ecommerce - Login successfully
2023-01-20 12:46:44,052 [main] INFO ecommerce - Open URL
2023-01-20 12:46:45,349 [main] INFO ecommerce - Enter user mailL
2023-01-20 12:46:49,054 [main] INFO ecommerce - Enter User password
2023-01-20 12:51:21,176 [main] INFO ecommerce - Open URL
2023-01-20 12:51:24,909 [main] INFO ecommerce - Enter user mailL
2023-01-20 12:51:28,718 [main] INFO ecommerce - Enter User password
2023-01-20 12:51:48,554 [main] INFO ecommerce - Clicked on longin button
2023-01-20 12:51:51,805 [main] INFO ecommerce - Login successfully
2023-01-20 13:06:26,220 [main] INFO ecommerce - Open URL
2023-01-20 13:06:29,464 [main] INFO ecommerce - Enter user mailL
2023-01-20 13:06:34,364 [main] INFO ecommerce - Enter User password
2023-01-20 13:06:46,543 [main] INFO ecommerce - Clicked on longin button
2023-01-20 17:41:28,217 [main] INFO ecommerce - Open URL
2023-01-20 17:41:29,170 [main] INFO ecommerce - Enter user mailL
2023-01-20 17:41:32,554 [main] INFO ecommerce - Enter User password
2023-01-20 17:41:37,289 [main] INFO ecommerce - Clicked on longin button
2023-01-20 17:45:27,485 [main] INFO ecommerce - Open URL
2023-01-20 17:45:28,340 [main] INFO ecommerce - Enter user mailL
2023-01-20 17:45:31,698 [main] INFO ecommerce - Enter User password
2023-01-20 17:45:36,379 [main] INFO ecommerce - Clicked on longin button
2023-01-20 17:45:39,436 [main] INFO ecommerce - Login successfully
2023-01-21 23:20:09,975 [main] INFO ecommerce - Open URL
2023-01-21 23:20:11,249 [main] INFO ecommerce - Enter user mailL
2023-01-21 23:20:14,528 [main] INFO ecommerce - Enter User password
2023-01-21 23:20:19,155 [main] INFO ecommerce - Clicked on longin button
2023-01-21 23:20:22,257 [main] INFO ecommerce - Login successfully
2023-01-21 23:20:38,161 [main] INFO ecommerce - user created sucessfully
2023-01-21 23:28:57,378 [main] INFO ecommerce - Open URL
2023-01-21 23:28:58,083 [main] INFO ecommerce - Enter user mailL
2023-01-21 23:29:01,311 [main] INFO ecommerce - Enter User password
2023-01-21 23:29:05,126 [main] INFO ecommerce - Clicked on longin button
2023-01-21 23:29:08,215 [main] INFO ecommerce - Login successfully
2023-01-21 23:31:15,364 [main] INFO ecommerce - Open URL
2023-01-21 23:31:15,540 [main] INFO ecommerce - Enter user mailL
2023-01-21 23:31:18,695 [main] INFO ecommerce - Enter User password
2023-01-21 23:31:23,023 [main] INFO ecommerce - Clicked on longin button
2023-01-21 23:31:26,064 [main] INFO ecommerce - Login successfully
2023-01-21 23:31:30,663 [main] INFO ecommerce - open URL
2023-01-21 23:31:30,834 [main] INFO ecommerce - Enter user name
2023-01-21 23:31:33,047 [main] INFO ecommerce - Enter password
2023-01-21 23:31:36,336 [main] INFO ecommerce - Click on lign button
2023-01-21 23:31:38,603 [main] INFO ecommerce - mouseover on element
2023-01-21 23:34:27,688 [main] INFO ecommerce - Open URL
2023-01-21 23:34:27,862 [main] INFO ecommerce - Enter user mailL
2023-01-21 23:34:31,100 [main] INFO ecommerce - Enter User password
2023-01-21 23:34:35,316 [main] INFO ecommerce - Clicked on longin button
2023-01-21 23:34:38,340 [main] INFO ecommerce - Login successfully
2023-01-21 23:34:42,212 [main] INFO ecommerce - open URL
2023-01-21 23:34:42,371 [main] INFO ecommerce - Enter user name
2023-01-21 23:34:44,600 [main] INFO ecommerce - Enter password
2023-01-21 23:34:47,238 [main] INFO ecommerce - Click on lign button
2023-01-21 23:34:49,604 [main] INFO ecommerce - mouseover on element
2023-01-22 13:41:41,293 [main] INFO ecommerce - Open URL
2023-01-22 13:41:41,935 [main] INFO ecommerce - Enter user mailL
2023-01-22 13:41:45,212 [main] INFO ecommerce - Enter User password
2023-01-22 13:41:49,037 [main] INFO ecommerce - Clicked on longin button
2023-01-22 13:41:52,155 [main] INFO ecommerce - Login successfully
2023-01-22 13:52:10,932 [main] INFO ecommerce - Open URL
2023-01-22 13:52:12,008 [main] INFO ecommerce - Enter user mailL
2023-01-22 13:52:15,242 [main] INFO ecommerce - Enter User password
2023-01-22 13:52:19,951 [main] INFO ecommerce - Clicked on longin button
2023-01-22 13:52:23,027 [main] INFO ecommerce - Login successfully
2023-01-22 13:53:06,206 [main] INFO ecommerce - Open URL
2023-01-22 13:53:06,465 [main] INFO ecommerce - Enter user mailL
2023-01-22 13:53:09,595 [main] INFO ecommerce - Enter User password
2023-01-22 13:53:13,265 [main] INFO ecommerce - Clicked on longin button
2023-01-22 13:53:16,297 [main] INFO ecommerce - Login successfully
2023-01-22 16:22:52,626 [main] INFO ecommerce - use clicked on books
2023-01-22 16:22:53,415 [main] INFO ecommerce - use clicked on electronics
2023-01-22 16:22:54,093 [main] INFO ecommerce - use clicked on Cameraandphoto
2023-01-22 16:30:53,852 [main] INFO ecommerce - use clicked on books
2023-01-22 16:30:54,439 [main] INFO ecommerce - use clicked on electronics
2023-01-22 16:35:27,048 [main] INFO ecommerce - use clicked on books
2023-01-22 16:35:27,639 [main] INFO ecommerce - use clicked on electronics
2023-01-22 16:37:50,908 [main] INFO ecommerce - use clicked on books
2023-01-22 16:37:51,634 [main] INFO ecommerce - use clicked on electronics
2023-01-22 16:39:04,655 [main] INFO ecommerce - use clicked on books
2023-01-22 16:39:05,244 [main] INFO ecommerce - use clicked on electronics
2023-01-22 16:42:12,319 [main] INFO ecommerce - use clicked on books
2023-01-22 16:42:12,926 [main] INFO ecommerce - use clicked on electronics
2023-01-22 16:44:26,643 [main] INFO ecommerce - use clicked on books
2023-01-22 16:44:27,334 [main] INFO ecommerce - use clicked on electronics
2023-01-22 16:44:30,876 [main] INFO ecommerce - use clicked on Cameraandphoto
2023-01-22 16:46:56,600 [main] INFO ecommerce - use clicked on books
2023-01-22 16:46:57,238 [main] INFO ecommerce - use clicked on electronics
2023-01-22 16:47:00,902 [main] INFO ecommerce - use clicked on Cameraandphoto
2023-01-22 16:47:31,948 [main] INFO ecommerce - use clicked on NikonDSLR
2023-01-22 16:47:32,186 [main] INFO ecommerce - use clicked on addtowishlist icon
2023-01-22 16:47:33,721 [main] INFO ecommerce - The product has been added to your wishlist
2023-01-22 16:50:48,994 [main] INFO ecommerce - use clicked on books
2023-01-22 16:50:49,618 [main] INFO ecommerce - use clicked on electronics
2023-01-22 16:50:53,334 [main] INFO ecommerce - use clicked on Cameraandphoto
2023-01-22 16:54:12,741 [main] INFO ecommerce - use clicked on books
2023-01-22 16:54:13,378 [main] INFO ecommerce - use clicked on electronics
2023-01-22 16:54:17,062 [main] INFO ecommerce - use clicked on Cameraandphoto
2023-01-22 16:58:20,326 [main] INFO ecommerce - use clicked on books
2023-01-22 16:58:21,184 [main] INFO ecommerce - use clicked on electronics
2023-01-22 16:58:24,881 [main] INFO ecommerce - use clicked on Cameraandphoto
2023-01-22 16:59:20,618 [main] INFO ecommerce - use clicked on books
2023-01-22 16:59:21,495 [main] INFO ecommerce - use clicked on electronics
2023-01-22 16:59:25,337 [main] INFO ecommerce - use clicked on Cameraandphoto
2023-01-22 17:01:00,281 [main] INFO ecommerce - use clicked on books
2023-01-22 17:01:00,971 [main] INFO ecommerce - use clicked on electronics
2023-01-22 17:01:04,742 [main] INFO ecommerce - use clicked on Cameraandphoto
2023-01-22 17:21:10,205 [main] INFO ecommerce - use clicked on books
2023-01-22 17:21:11,040 [main] INFO ecommerce - use clicked on electronics
2023-01-22 17:21:15,128 [main] INFO ecommerce - use clicked on Cameraandphoto
2023-01-22 17:21:41,850 [main] INFO ecommerce - use clicked on books
2023-01-22 17:21:42,585 [main] INFO ecommerce - use clicked on electronics
2023-01-22 17:21:46,300 [main] INFO ecommerce - use clicked on Cameraandphoto
2023-01-22 17:25:10,608 [main] INFO ecommerce - use clicked on books
2023-01-22 17:25:11,300 [main] INFO ecommerce - use clicked on electronics
2023-01-22 17:25:14,989 [main] INFO ecommerce - use clicked on Cameraandphoto
2023-01-22 17:28:53,000 [main] INFO ecommerce - use clicked on books
2023-01-22 17:28:53,550 [main] INFO ecommerce - use clicked on electronics
2023-01-22 17:28:57,112 [main] INFO ecommerce - use clicked on Cameraandphoto
2023-01-22 17:29:00,336 [main] INFO ecommerce - use clicked on NikonDSLR
2023-01-22 17:29:02,366 [main] INFO ecommerce - use clicked on addtowishlist icon
2023-01-22 17:29:02,814 [main] INFO ecommerce - The product has been added to your wishlist
2023-01-22 18:04:38,092 [main] INFO ecommerce - open URL
2023-01-22 18:04:38,480 [main] INFO ecommerce - Enter user name
2023-01-22 18:04:40,664 [main] INFO ecommerce - Enter password
2023-01-22 18:04:43,384 [main] INFO ecommerce - Click on lign button
2023-01-22 18:04:45,773 [main] INFO ecommerce - mouseover on element
2023-01-22 18:13:31,552 [main] INFO ecommerce - open URL
2023-01-22 18:13:31,751 [main] INFO ecommerce - Enter user name
2023-01-22 18:13:33,953 [main] INFO ecommerce - Enter password
2023-01-22 18:13:38,184 [main] INFO ecommerce - Click on lign button
2023-01-22 18:13:40,373 [main] INFO ecommerce - mouseover on element
2023-01-22 18:13:41,965 [main] INFO ecommerce - click on notebook text
2023-01-22 18:16:40,152 [main] INFO ecommerce - open URL
2023-01-22 18:16:40,364 [main] INFO ecommerce - Enter user name
2023-01-22 18:16:42,503 [main] INFO ecommerce - Enter password
2023-01-22 18:16:45,951 [main] INFO ecommerce - Click on lign button
2023-01-22 18:16:48,141 [main] INFO ecommerce - mouseover on element
2023-01-22 18:16:49,790 [main] INFO ecommerce - click on notebook text
2023-01-22 18:20:23,448 [main] INFO ecommerce - use clicked on books
2023-01-22 18:20:23,981 [main] INFO ecommerce - use clicked on electronics
2023-01-22 18:20:27,564 [main] INFO ecommerce - use clicked on Cameraandphoto
2023-01-22 18:20:30,708 [main] INFO ecommerce - use clicked on NikonDSLR
2023-01-22 18:20:33,206 [main] INFO ecommerce - use clicked on addtowishlist icon
2023-01-22 18:20:33,736 [main] INFO ecommerce - The product has been added to your wishlist
2023-01-22 19:32:48,029 [main] INFO ecommerce - click on ecommerce logo
2023-01-22 19:32:48,434 [main] INFO ecommerce - verfied vote button
2023-01-22 19:35:40,310 [main] INFO ecommerce - click on ecommerce logo
2023-01-22 19:35:40,446 [main] INFO ecommerce - verfied vote button
2023-01-22 19:42:44,768 [main] INFO ecommerce - click on ecommerce logo
2023-01-22 19:42:44,829 [main] INFO ecommerce - verfied vote button
2023-01-22 19:47:20,087 [main] INFO ecommerce - click on ecommerce logo
2023-01-22 19:47:20,173 [main] INFO ecommerce - verfied vote button
2023-01-22 19:48:15,961 [main] INFO ecommerce - click on ecommerce logo
2023-01-22 20:14:05,282 [main] INFO ecommerce - click on ecommerce logo
2023-01-22 20:14:05,682 [main] INFO ecommerce - verfied vote button
2023-01-22 20:14:05,980 [main] INFO ecommerce - button is present
2023-01-22 20:15:15,579 [main] INFO ecommerce - click on ecommerce logo
2023-01-22 20:15:15,626 [main] INFO ecommerce - verfied vote button
2023-01-22 22:50:40,353 [main] INFO ecommerce - click on ecommerce logo
2023-01-22 22:50:41,033 [main] INFO ecommerce - verfied vote button
2023-01-22 22:50:41,267 [main] INFO ecommerce - button is present
2023-01-22 23:07:41,321 [main] INFO ecommerce - click on logo
2023-01-22 23:07:41,850 [main] INFO ecommerce - check featured product
2023-01-22 23:10:03,900 [main] INFO ecommerce - click on logo
2023-01-22 23:10:04,073 [main] INFO ecommerce - check featured product
2023-01-22 23:11:30,704 [main] INFO ecommerce - click on logo
2023-01-22 23:11:30,826 [main] INFO ecommerce - check featured product
2023-01-22 23:11:30,939 [main] INFO ecommerce - Test passed
2023-01-22 23:29:04,117 [main] INFO ecommerce - click on logo
2023-01-22 23:29:04,566 [main] INFO ecommerce - click on checkbox of good
2023-01-22 23:29:04,652 [main] INFO ecommerce - click on vote button
2023-01-22 23:29:05,278 [main] INFO ecommerce - vote not done
2023-01-22 23:29:34,183 [main] INFO ecommerce - click on logo
2023-01-22 23:29:34,367 [main] INFO ecommerce - click on checkbox of good
2023-01-22 23:29:34,450 [main] INFO ecommerce - click on vote button
2023-01-22 23:29:34,804 [main] INFO ecommerce - vote not done
2023-01-22 23:45:57,653 [main] INFO ecommerce - click on logo
2023-01-22 23:45:57,764 [main] INFO ecommerce - click on checkbox of good
2023-01-22 23:45:57,931 [main] INFO ecommerce - click on vote button
2023-01-22 23:47:16,222 [main] INFO ecommerce - click on logo
2023-01-22 23:47:16,372 [main] INFO ecommerce - click on checkbox of good
2023-01-22 23:47:16,460 [main] INFO ecommerce - click on vote button
2023-01-22 23:47:16,840 [main] INFO ecommerce - vote not done
2023-01-22 23:47:39,411 [main] INFO ecommerce - use clicked on books
2023-01-22 23:47:40,041 [main] INFO ecommerce - use clicked on electronics
2023-01-22 23:47:43,701 [main] INFO ecommerce - use clicked on Cameraandphoto
2023-01-22 23:47:46,804 [main] INFO ecommerce - use clicked on NikonDSLR
2023-01-22 23:47:48,855 [main] INFO ecommerce - use clicked on addtowishlist icon
2023-01-22 23:47:49,355 [main] INFO ecommerce - The product has been added to your wishlist
2023-01-22 23:47:54,922 [main] INFO ecommerce - click on ecommerce logo
2023-01-22 23:47:55,087 [main] INFO ecommerce - verfied vote button
2023-01-22 23:47:55,182 [main] INFO ecommerce - button is present
2023-01-22 23:48:00,275 [main] INFO ecommerce - click on logo
2023-01-22 23:48:00,360 [main] INFO ecommerce - check featured product
2023-01-22 23:48:00,401 [main] INFO ecommerce - Test passed
2023-01-22 23:48:05,872 [main] INFO ecommerce - click on logo
2023-01-22 23:48:05,958 [main] INFO ecommerce - click on checkbox of good
2023-01-22 23:48:06,127 [main] INFO ecommerce - click on vote button
2023-01-22 23:48:06,497 [main] INFO ecommerce - vote not done
2023-01-23 00:19:00,843 [main] INFO ecommerce - click on logo
2023-01-23 00:19:01,298 [main] INFO ecommerce - click on checkbox of good
2023-01-23 00:19:01,400 [main] INFO ecommerce - click on vote button
2023-01-23 00:19:02,595 [main] INFO ecommerce - vote not done
2023-01-23 00:19:44,073 [main] INFO ecommerce - click on ecommerce logo
2023-01-23 00:19:44,171 [main] INFO ecommerce - verfied vote button
2023-01-23 00:19:44,234 [main] INFO ecommerce - button is present
